<?xml version="1.0" encoding="UTF-8"?>
<!-- Generated by org.testng.reporters.JUnitReportReporter -->
<testsuite hostname="DESKTOP-TD3DRNQ" failures="0" tests="1" name="hey.Hey" time="0.012" errors="0" timestamp="2024-08-21T19:37:20 IST" skipped="0">
  <testcase classname="hey.Hey" name="get" time="0.012"/>
</testsuite> <!-- hey.Hey -->
