<?xml version="1.0" encoding="UTF-8"?>
<!-- Generated by org.testng.reporters.JUnitReportReporter -->
<testsuite hostname="DESKTOP-TD3DRNQ" failures="0" tests="3" name="testNGbasic.Groups" time="0.014" errors="0" timestamp="2024-08-22T16:53:46 IST" skipped="0">
  <testcase classname="testNGbasic.Groups" name="signup" time="0.001"/>
  <testcase classname="testNGbasic.Groups" name="addtocart" time="0.011"/>
  <testcase classname="testNGbasic.Groups" name="login" time="0.002"/>
</testsuite> <!-- testNGbasic.Groups -->
