<?xml version="1.0" encoding="UTF-8"?>
<!-- Generated by org.testng.reporters.JUnitReportReporter -->
<testsuite hostname="DESKTOP-TD3DRNQ" failures="0" tests="1" name="testNGbasic.CountInterview" time="27.161" errors="0" timestamp="2024-08-22T16:40:09 IST" skipped="0">
  <testcase classname="testNGbasic.CountInterview" name="cricket" time="27.161"/>
</testsuite> <!-- testNGbasic.CountInterview -->
