<?xml version="1.0" encoding="UTF-8"?>
<!-- Generated by org.testng.reporters.JUnitReportReporter -->
<testsuite hostname="DESKTOP-TD3DRNQ" failures="0" tests="5" name="testNGbasic.LearnAttributes" time="0.018" errors="0" timestamp="2024-08-22T16:27:47 IST" skipped="0">
  <testcase classname="testNGbasic.LearnAttributes" name="searchprduct" time="0.001"/>
  <testcase classname="testNGbasic.LearnAttributes" name="signup" time="0.012"/>
  <testcase classname="testNGbasic.LearnAttributes" name="login" time="0.002"/>
  <testcase classname="testNGbasic.LearnAttributes" name="addtocart" time="0.002"/>
  <testcase classname="testNGbasic.LearnAttributes" name="signout" time="0.001"/>
</testsuite> <!-- testNGbasic.LearnAttributes -->
