<?xml version="1.0" encoding="UTF-8"?>
<!-- Generated by org.testng.reporters.JUnitReportReporter -->
<testsuite hostname="DESKTOP-TD3DRNQ" failures="0" tests="1" name="org.letcode.test.GoogleTest" time="8.908" errors="0" timestamp="2024-09-03T19:54:54 IST" skipped="0">
  <testcase classname="org.letcode.test.GoogleTest" name="letcodecall" time="8.908"/>
</testsuite> <!-- org.letcode.test.GoogleTest -->
