<?xml version="1.0" encoding="UTF-8"?>
<!-- Generated by org.testng.reporters.JUnitReportReporter -->
<testsuite hostname="DESKTOP-TD3DRNQ" failures="0" tests="1" name="org.letcode.test.Test0001L" time="10.352" errors="0" timestamp="2024-08-29T18:47:37 IST" skipped="0">
  <testcase classname="org.letcode.test.Test0001L" name="Logintest" time="10.352"/>
</testsuite> <!-- org.letcode.test.Test0001L -->
