<?xml version="1.0" encoding="UTF-8"?>
<!-- Generated by org.testng.reporters.JUnitReportReporter -->
<testsuite hostname="DESKTOP-TD3DRNQ" failures="0" tests="1" name="testNGbasic.Launch" time="7.678" errors="0" timestamp="2024-08-22T17:32:10 IST" skipped="0">
  <testcase classname="testNGbasic.Launch" name="Launching" time="7.678"/>
</testsuite> <!-- testNGbasic.Launch -->
