<?xml version="1.0" encoding="UTF-8"?>
<!-- Generated by org.testng.reporters.JUnitReportReporter -->
<testsuite hostname="DESKTOP-TD3DRNQ" failures="0" tests="2" name="testNGbasic.DataProviderhere" time="0.011" errors="0" timestamp="2024-08-22T20:08:59 IST" skipped="0">
  <testcase classname="testNGbasic.DataProviderhere" name="Launching" time="0.002"/>
  <testcase classname="testNGbasic.DataProviderhere" name="Launching" time="0.009"/>
</testsuite> <!-- testNGbasic.DataProviderhere -->
