<?xml version="1.0" encoding="UTF-8"?>
<!-- Generated by org.testng.reporters.JUnitReportReporter -->
<testsuite hostname="DESKTOP-TD3DRNQ" failures="0" tests="1" name="testNGbasic.WindowHandling" time="14.565" errors="0" timestamp="2024-08-21T20:53:53 IST" skipped="0">
  <testcase classname="testNGbasic.WindowHandling" name="windowHandle" time="14.565"/>
</testsuite> <!-- testNGbasic.WindowHandling -->
